2023-07-25 23:37:12,685 - INFO -  * Restarting with watchdog (windowsapi)
2023-07-25 23:37:14,298 - WARNING -  * Debugger is active!
2023-07-25 23:37:14,309 - INFO -  * Debugger PIN: 124-790-228
2023-07-25 23:37:14,384 - INFO -  * Running on http://127.0.0.1:5000/ (Press CTRL+C to quit)
2023-07-25 23:44:58,319 - INFO -  * Restarting with watchdog (windowsapi)
2023-07-25 23:44:59,349 - WARNING -  * Debugger is active!
2023-07-25 23:44:59,354 - INFO -  * Debugger PIN: 124-790-228
2023-07-25 23:44:59,412 - INFO -  * Running on http://127.0.0.1:5000/ (Press CTRL+C to quit)
2023-07-25 23:45:27,526 - INFO - 127.0.0.1 - - [25/Jul/2023 23:45:27] "GET / HTTP/1.1" 200 -
2023-07-25 23:45:28,141 - INFO - 127.0.0.1 - - [25/Jul/2023 23:45:28] "GET / HTTP/1.1" 200 -
2023-07-25 23:45:31,895 - INFO - Data fetched successfully at 2023-07-25 23:45:31.894293.
2023-07-25 23:45:31,899 - INFO - 127.0.0.1 - - [25/Jul/2023 23:45:31] "GET /get-all-data HTTP/1.1" 200 -
2023-07-25 23:45:31,953 - INFO - Data fetched successfully at 2023-07-25 23:45:31.953135.
2023-07-25 23:45:31,956 - INFO - 127.0.0.1 - - [25/Jul/2023 23:45:31] "GET /get-all-data HTTP/1.1" 200 -
2023-07-25 23:45:32,199 - INFO - 127.0.0.1 - - [25/Jul/2023 23:45:32] "[33mGET /images/icons/gear.png HTTP/1.1[0m" 404 -
2023-07-25 23:46:23,282 - INFO - Data for UPST inserted successfully.
2023-07-25 23:46:23,283 - INFO - Data for RTX inserted successfully.
2023-07-25 23:46:23,283 - INFO - Data for GE inserted successfully.
2023-07-25 23:46:23,283 - INFO - Data for GM inserted successfully.
2023-07-25 23:46:23,283 - INFO - Data for MSFT inserted successfully.
2023-07-25 23:46:23,283 - INFO - Data for MMM inserted successfully.
2023-07-25 23:46:23,284 - INFO - Data for SPOT inserted successfully.
2023-07-25 23:46:23,284 - INFO - Data for UPS inserted successfully.
2023-07-25 23:46:23,284 - INFO - Data for ALK inserted successfully.
2023-07-25 23:46:23,284 - INFO - Data for INPX inserted successfully.
2023-07-25 23:46:23,285 - INFO - Data for GOOG inserted successfully.
2023-07-25 23:46:23,285 - INFO - Data for ELBM inserted successfully.
2023-07-25 23:46:23,285 - INFO - Data for BFRG inserted successfully.
2023-07-25 23:46:23,285 - INFO - Data for AI inserted successfully.
2023-07-25 23:46:23,286 - INFO - Data for GOOGL inserted successfully.
2023-07-25 23:46:23,286 - INFO - Data for LOGI inserted successfully.
2023-07-25 23:46:23,286 - INFO - Data for IRBT inserted successfully.
2023-07-25 23:46:23,286 - INFO - Data for CLF inserted successfully.
2023-07-25 23:46:23,287 - INFO - Data for SNAP inserted successfully.
2023-07-25 23:46:23,287 - INFO - Data for AFRM inserted successfully.
2023-07-25 23:46:23,287 - INFO - Data for DOGE-USD inserted successfully.
2023-07-25 23:46:23,288 - INFO - Data for BIIB inserted successfully.
2023-07-25 23:46:23,288 - INFO - Data for DDOG inserted successfully.
2023-07-25 23:46:23,288 - INFO - Data for LUV inserted successfully.
2023-07-25 23:46:23,288 - INFO - Data for PGY inserted successfully.
2023-07-25 23:46:23,289 - INFO - Data for ABNB inserted successfully.
2023-07-25 23:46:23,289 - INFO - Data for IRDM inserted successfully.
2023-07-25 23:46:23,290 - INFO - Data for F inserted successfully.
2023-07-25 23:46:23,290 - INFO - Data for PKG inserted successfully.
2023-07-25 23:46:23,291 - INFO - Data for AVGO inserted successfully.
2023-07-25 23:46:23,292 - INFO - Data Inserted Successfully at 2023-07-25 23:46:23.292611!
2023-07-25 23:46:28,046 - INFO - 127.0.0.1 - - [25/Jul/2023 23:46:28] "GET /fetch-data HTTP/1.1" 200 -
2023-07-25 23:46:28,341 - INFO - 127.0.0.1 - - [25/Jul/2023 23:46:28] "[33mGET /images/icons/gear.png HTTP/1.1[0m" 404 -
2023-07-25 23:47:06,137 - INFO - Data for UPST inserted successfully.
2023-07-25 23:47:06,137 - INFO - Data for RTX inserted successfully.
2023-07-25 23:47:06,138 - INFO - Data for GE inserted successfully.
2023-07-25 23:47:06,138 - INFO - Data for GM inserted successfully.
2023-07-25 23:47:06,138 - INFO - Data for MSFT inserted successfully.
2023-07-25 23:47:06,139 - INFO - Data for MMM inserted successfully.
2023-07-25 23:47:06,139 - INFO - Data for SPOT inserted successfully.
2023-07-25 23:47:06,139 - INFO - Data for UPS inserted successfully.
2023-07-25 23:47:06,139 - INFO - Data for ALK inserted successfully.
2023-07-25 23:47:06,140 - INFO - Data for INPX inserted successfully.
2023-07-25 23:47:06,140 - INFO - Data for GOOG inserted successfully.
2023-07-25 23:47:06,140 - INFO - Data for ELBM inserted successfully.
2023-07-25 23:47:06,140 - INFO - Data for BFRG inserted successfully.
2023-07-25 23:47:06,140 - INFO - Data for AI inserted successfully.
2023-07-25 23:47:06,141 - INFO - Data for GOOGL inserted successfully.
2023-07-25 23:47:06,141 - INFO - Data for LOGI inserted successfully.
2023-07-25 23:47:06,141 - INFO - Data for IRBT inserted successfully.
2023-07-25 23:47:06,142 - INFO - Data for CLF inserted successfully.
2023-07-25 23:47:06,142 - INFO - Data for SNAP inserted successfully.
2023-07-25 23:47:06,142 - INFO - Data for AFRM inserted successfully.
2023-07-25 23:47:06,143 - INFO - Data for DOGE-USD inserted successfully.
2023-07-25 23:47:06,143 - INFO - Data for BIIB inserted successfully.
2023-07-25 23:47:06,144 - INFO - Data for DDOG inserted successfully.
2023-07-25 23:47:06,144 - INFO - Data for LUV inserted successfully.
2023-07-25 23:47:06,145 - INFO - Data for PGY inserted successfully.
2023-07-25 23:47:06,145 - INFO - Data for ABNB inserted successfully.
2023-07-25 23:47:06,146 - INFO - Data for IRDM inserted successfully.
2023-07-25 23:47:06,146 - INFO - Data for F inserted successfully.
2023-07-25 23:47:06,147 - INFO - Data for PKG inserted successfully.
2023-07-25 23:47:06,147 - INFO - Data for AVGO inserted successfully.
2023-07-25 23:47:06,148 - INFO - Data Inserted Successfully at 2023-07-25 23:47:06.148437!
2023-07-25 23:47:10,646 - INFO - 127.0.0.1 - - [25/Jul/2023 23:47:10] "GET /fetch-data HTTP/1.1" 200 -
2023-07-25 23:47:13,165 - INFO -  * Detected change in 'C:\\Users\\rehan\\anaconda3\\Lib\\site-packages\\mysql\\connector\\__init__.py', reloading
2023-07-25 23:47:13,175 - INFO -  * Detected change in 'C:\\Users\\rehan\\anaconda3\\Lib\\site-packages\\mysql\\connector\\pooling.py', reloading
2023-07-25 23:47:13,222 - INFO -  * Detected change in 'C:\\Users\\rehan\\anaconda3\\Lib\\site-packages\\mysql\\connector\\connection.py', reloading
2023-07-25 23:47:13,308 - INFO -  * Detected change in 'C:\\Users\\rehan\\anaconda3\\Lib\\site-packages\\mysql\\connector\\abstracts.py', reloading
2023-07-25 23:47:14,381 - INFO -  * Restarting with watchdog (windowsapi)
2023-07-25 23:47:15,324 - WARNING -  * Debugger is active!
2023-07-25 23:47:15,329 - INFO -  * Debugger PIN: 124-790-228
2023-07-25 23:47:15,383 - INFO -  * Running on http://127.0.0.1:5000/ (Press CTRL+C to quit)
2023-07-25 23:47:29,529 - INFO - Data fetched successfully at 2023-07-25 23:47:29.529364.
2023-07-25 23:47:29,538 - INFO - 127.0.0.1 - - [25/Jul/2023 23:47:29] "GET /get-all-data HTTP/1.1" 200 -
2023-07-25 23:47:30,004 - INFO - 127.0.0.1 - - [25/Jul/2023 23:47:30] "[33mGET /images/icons/gear.png HTTP/1.1[0m" 404 -
2023-07-25 23:58:27,651 - INFO -  * Detected change in 'd:\\Internship\\Final Project\\project\\v5.py', reloading
2023-07-25 23:58:27,652 - INFO -  * Detected change in 'd:\\Internship\\Final Project\\project\\main.py', reloading
2023-07-25 23:58:28,932 - INFO -  * Restarting with watchdog (windowsapi)
